<?xml version="1.0" encoding="UTF-8" ?>
<testsuite tests="1" failures="0" name="com.functions.AnalysisPictureTest" time="2.507" errors="1" skipped="0">
  <properties>
[...]
</properties>
  <testcase classname="com.functions.AnalysisPictureTest" name="testAnalysisFace" time="2.507">
    <error message="Cannot run program &quot;python&quot;: CreateProcess error=2, 系统找不到指定的文件。" type="java.io.IOException">java.io.IOException: Cannot run program &quot;python&quot;: CreateProcess error=2, 系统找不到指定的文件。
	at java.lang.ProcessBuilder.start(ProcessBuilder.java:1048)
	at java.lang.Runtime.exec(Runtime.java:620)
	at java.lang.Runtime.exec(Runtime.java:485)
	at com.functions.AnalysisPictureTest.testAnalysisFace(AnalysisPictureTest.java:96)
	at sun.reflect.NativeMethodAccessorImpl.invoke0(Native Method)
	at sun.reflect.NativeMethodAccessorImpl.invoke(NativeMethodAccessorImpl.java:62)
	at sun.reflect.DelegatingMethodAccessorImpl.invoke(DelegatingMethodAccessorImpl.java:43)
	at java.lang.reflect.Method.invoke(Method.java:498)
	at junit.framework.TestCase.runTest(TestCase.java:176)
	at junit.framework.TestCase.runBare(TestCase.java:141)
	at junit.framework.TestResult$1.protect(TestResult.java:122)
	at junit.framework.TestResult.runProtected(TestResult.java:142)
	at junit.framework.TestResult.run(TestResult.java:125)
	at junit.framework.TestCase.run(TestCase.java:129)
	at junit.framework.TestSuite.runTest(TestSuite.java:252)
	at junit.framework.TestSuite.run(TestSuite.java:247)
	at org.junit.internal.runners.JUnit38ClassRunner.run(JUnit38ClassRunner.java:86)
	at org.apache.maven.surefire.junit4.JUnit4Provider.execute(JUnit4Provider.java:252)
	at org.apache.maven.surefire.junit4.JUnit4Provider.executeTestSet(JUnit4Provider.java:141)
	at org.apache.maven.surefire.junit4.JUnit4Provider.invoke(JUnit4Provider.java:112)
	at sun.reflect.NativeMethodAccessorImpl.invoke0(Native Method)
	at sun.reflect.NativeMethodAccessorImpl.invoke(NativeMethodAccessorImpl.java:62)
	at sun.reflect.DelegatingMethodAccessorImpl.invoke(DelegatingMethodAccessorImpl.java:43)
	at java.lang.reflect.Method.invoke(Method.java:498)
	at org.apache.maven.surefire.util.ReflectionUtils.invokeMethodWithArray(ReflectionUtils.java:189)
	at org.apache.maven.surefire.booter.ProviderFactory$ProviderProxy.invoke(ProviderFactory.java:165)
	at org.apache.maven.surefire.booter.ProviderFactory.invokeProvider(ProviderFactory.java:85)
	at org.apache.maven.surefire.booter.ForkedBooter.runSuitesInProcess(ForkedBooter.java:115)
	at org.apache.maven.surefire.booter.ForkedBooter.main(ForkedBooter.java:75)
Caused by: java.io.IOException: CreateProcess error=2, 系统找不到指定的文件。
	at java.lang.ProcessImpl.create(Native Method)
	at java.lang.ProcessImpl.&lt;init&gt;(ProcessImpl.java:386)
	at java.lang.ProcessImpl.start(ProcessImpl.java:137)
	at java.lang.ProcessBuilder.start(ProcessBuilder.java:1029)
	... 28 more
</error>
    <system-out>{&quot;image_id&quot;: &quot;8g2nrvINBnpyFseprStfyA==&quot;, &quot;request_id&quot;: &quot;1530865365,ecb9c485-8da9-431e-bf24-f6a559c10b7a&quot;, &quot;time_used&quot;: 343, &quot;faces&quot;: [{&quot;attributes&quot;: {&quot;emotion&quot;: {&quot;sadness&quot;: 0.0, &quot;neutral&quot;: 0.0, &quot;disgust&quot;: 0.005, &quot;anger&quot;: 0.0, &quot;surprise&quot;: 0.007, &quot;fear&quot;: 0.007, &quot;happiness&quot;: 99.979}}, &quot;face_rectangle&quot;: {&quot;width&quot;: 81, &quot;top&quot;: 115, &quot;left&quot;: 247, &quot;height&quot;: 81}, &quot;face_token&quot;: &quot;42c81561caa50e5732b254bd8f1f1e18&quot;}, {&quot;attributes&quot;: {&quot;emotion&quot;: {&quot;sadness&quot;: 0.161, &quot;neutral&quot;: 0.0, &quot;disgust&quot;: 0.0, &quot;anger&quot;: 0.0, &quot;surprise&quot;: 0.0, &quot;fear&quot;: 0.0, &quot;happiness&quot;: 99.837}}, &quot;face_rectangle&quot;: {&quot;width&quot;: 76, &quot;top&quot;: 134, &quot;left&quot;: 44, &quot;height&quot;: 76}, &quot;face_token&quot;: &quot;6e71296756199a4fd4a6c357c3cc88ae&quot;}, {&quot;attributes&quot;: {&quot;emotion&quot;: {&quot;sadness&quot;: 0.0, &quot;neutral&quot;: 0.0, &quot;disgust&quot;: 0.0, &quot;anger&quot;: 0.0, &quot;surprise&quot;: 0.001, &quot;fear&quot;: 0.0, &quot;happiness&quot;: 99.999}}, &quot;face_rectangle&quot;: {&quot;width&quot;: 69, &quot;top&quot;: 180, &quot;left&quot;: 132, &quot;height&quot;: 69}, &quot;face_token&quot;: &quot;dd7b5da2cfd6608f4816d1bbb5dd2506&quot;}]}
42c81561caa50e5732b254bd8f1f1e18
6e71296756199a4fd4a6c357c3cc88ae
dd7b5da2cfd6608f4816d1bbb5dd2506
42c81561caa50e5732b254bd8f1f1e18,6e71296756199a4fd4a6c357c3cc88ae,dd7b5da2cfd6608f4816d1bbb5dd2506
{&quot;time_used&quot;: 457, &quot;request_id&quot;: &quot;1530865365,14c6bf4b-26bf-4ba0-a7b2-bcf1a4f0b57f&quot;, &quot;faces&quot;: [{&quot;attributes&quot;: {&quot;emotion&quot;: {&quot;sadness&quot;: 0.0, &quot;neutral&quot;: 0.0, &quot;disgust&quot;: 0.009, &quot;anger&quot;: 0.0, &quot;surprise&quot;: 0.002, &quot;fear&quot;: 0.0, &quot;happiness&quot;: 99.989}}, &quot;face_rectangle&quot;: {&quot;width&quot;: 81, &quot;top&quot;: 115, &quot;left&quot;: 247, &quot;height&quot;: 81}, &quot;face_token&quot;: &quot;42c81561caa50e5732b254bd8f1f1e18&quot;}, {&quot;attributes&quot;: {&quot;emotion&quot;: {&quot;sadness&quot;: 0.045, &quot;neutral&quot;: 0.0, &quot;disgust&quot;: 0.0, &quot;anger&quot;: 0.0, &quot;surprise&quot;: 0.0, &quot;fear&quot;: 0.0, &quot;happiness&quot;: 99.954}}, &quot;face_rectangle&quot;: {&quot;width&quot;: 76, &quot;top&quot;: 134, &quot;left&quot;: 44, &quot;height&quot;: 76}, &quot;face_token&quot;: &quot;6e71296756199a4fd4a6c357c3cc88ae&quot;}, {&quot;attributes&quot;: {&quot;emotion&quot;: {&quot;sadness&quot;: 0.0, &quot;neutral&quot;: 0.0, &quot;disgust&quot;: 0.004, &quot;anger&quot;: 0.0, &quot;surprise&quot;: 0.018, &quot;fear&quot;: 0.0, &quot;happiness&quot;: 99.977}}, &quot;face_rectangle&quot;: {&quot;width&quot;: 69, &quot;top&quot;: 180, &quot;left&quot;: 132, &quot;height&quot;: 69}, &quot;face_token&quot;: &quot;dd7b5da2cfd6608f4816d1bbb5dd2506&quot;}]}
{&quot;width&quot;:81,&quot;top&quot;:115,&quot;left&quot;:247,&quot;height&quot;:81}
left: 247, top:115, width: 81, height: 81
{&quot;width&quot;:76,&quot;top&quot;:134,&quot;left&quot;:44,&quot;height&quot;:76}
left: 44, top:134, width: 76, height: 76
{&quot;width&quot;:69,&quot;top&quot;:180,&quot;left&quot;:132,&quot;height&quot;:69}
left: 132, top:180, width: 69, height: 69
</system-out>
  </testcase>
</testsuite>