<?xml version="1.0" encoding="UTF-8" ?>
<testsuite tests="1" failures="0" name="com.functions.AnalysisPictureTest" time="2.507" errors="1" skipped="0">
  <properties>
    <property name="java.runtime.name" value="Java(TM) SE Runtime Environment"/>
    <property name="sun.boot.library.path" value="E:\Java\jdk1.8.0_172\jre\bin"/>
    <property name="java.vm.version" value="25.172-b11"/>
    <property name="java.vm.vendor" value="Oracle Corporation"/>
    <property name="maven.multiModuleProjectDirectory" value="E:\SummerProject\workspace\analysisPhoto"/>
    <property name="java.vendor.url" value="http://java.oracle.com/"/>
    <property name="path.separator" value=";"/>
    <property name="guice.disable.misplaced.annotation.check" value="true"/>
    <property name="java.vm.name" value="Java HotSpot(TM) 64-Bit Server VM"/>
    <property name="file.encoding.pkg" value="sun.io"/>
    <property name="user.script" value=""/>
    <property name="user.country" value="CN"/>
    <property name="sun.java.launcher" value="SUN_STANDARD"/>
    <property name="sun.os.patch.level" value=""/>
    <property name="java.vm.specification.name" value="Java Virtual Machine Specification"/>
    <property name="user.dir" value="E:\SummerProject\workspace\analysisPhoto"/>
    <property name="java.runtime.version" value="1.8.0_172-b11"/>
    <property name="java.awt.graphicsenv" value="sun.awt.Win32GraphicsEnvironment"/>
    <property name="java.endorsed.dirs" value="E:\Java\jdk1.8.0_172\jre\lib\endorsed"/>
    <property name="os.arch" value="amd64"/>
    <property name="java.io.tmpdir" value="C:\Users\FJJ\AppData\Local\Temp\"/>
    <property name="line.separator" value="
"/>
    <property name="java.vm.specification.vendor" value="Oracle Corporation"/>
    <property name="user.variant" value=""/>
    <property name="os.name" value="Windows 10"/>
    <property name="classworlds.conf" value="E:\SummerProject\workspace\.metadata\.plugins\org.eclipse.m2e.launching\launches\m2conf2987632656243721551.tmp"/>
    <property name="sun.jnu.encoding" value="GBK"/>
    <property name="java.library.path" value="E:\Java\jdk1.8.0_172\bin;C:\Windows\Sun\Java\bin;C:\Windows\system32;C:\Windows;E:/Java/jdk1.8.0_172/bin/../jre/bin/server;E:/Java/jdk1.8.0_172/bin/../jre/bin;E:/Java/jdk1.8.0_172/bin/../jre/lib/amd64;C:\Windows\system32;C:\Windows;C:\Windows\System32\Wbem;C:\Windows\System32\WindowsPowerShell\v1.0\;C:\Windows\System32\OpenSSH\;E:\Java\jdk1.8.0_172\bin;E:\Java\jdk1.8.0_172\jre\bin;E:\Git\cmd;C:\Users\FJJ\AppData\Local\Microsoft\WindowsApps;C:\Users\FJJ\AppData\Local\GitHubDesktop\bin;C:\Users\FJJ\Desktop;;."/>
    <property name="java.specification.name" value="Java Platform API Specification"/>
    <property name="java.class.version" value="52.0"/>
    <property name="sun.management.compiler" value="HotSpot 64-Bit Tiered Compilers"/>
    <property name="os.version" value="10.0"/>
    <property name="user.home" value="C:\Users\FJJ"/>
    <property name="user.timezone" value="Asia/Shanghai"/>
    <property name="java.awt.printerjob" value="sun.awt.windows.WPrinterJob"/>
    <property name="java.specification.version" value="1.8"/>
    <property name="file.encoding" value="GBK"/>
    <property name="user.name" value="FJJ"/>
    <property name="java.class.path" value="C:\Users\FJJ\.p2\pool\plugins\org.eclipse.m2e.maven.runtime_1.8.3.20180227-2135\jars\plexus-classworlds-2.5.2.jar"/>
    <property name="java.vm.specification.version" value="1.8"/>
    <property name="sun.arch.data.model" value="64"/>
    <property name="java.home" value="E:\Java\jdk1.8.0_172\jre"/>
    <property name="sun.java.command" value="org.codehaus.plexus.classworlds.launcher.Launcher -B install"/>
    <property name="java.specification.vendor" value="Oracle Corporation"/>
    <property name="user.language" value="zh"/>
    <property name="awt.toolkit" value="sun.awt.windows.WToolkit"/>
    <property name="java.vm.info" value="mixed mode"/>
    <property name="java.version" value="1.8.0_172"/>
    <property name="java.ext.dirs" value="E:\Java\jdk1.8.0_172\jre\lib\ext;C:\Windows\Sun\Java\lib\ext"/>
    <property name="sun.boot.class.path" value="E:\Java\jdk1.8.0_172\jre\lib\resources.jar;E:\Java\jdk1.8.0_172\jre\lib\rt.jar;E:\Java\jdk1.8.0_172\jre\lib\sunrsasign.jar;E:\Java\jdk1.8.0_172\jre\lib\jsse.jar;E:\Java\jdk1.8.0_172\jre\lib\jce.jar;E:\Java\jdk1.8.0_172\jre\lib\charsets.jar;E:\Java\jdk1.8.0_172\jre\lib\jfr.jar;E:\Java\jdk1.8.0_172\jre\classes"/>
    <property name="java.vendor" value="Oracle Corporation"/>
    <property name="maven.home" value="E:\SummerProject\workspace\analysisPhoto\EMBEDDED"/>
    <property name="file.separator" value="\"/>
    <property name="java.vendor.url.bug" value="http://bugreport.sun.com/bugreport/"/>
    <property name="sun.cpu.endian" value="little"/>
    <property name="sun.io.unicode.encoding" value="UnicodeLittle"/>
    <property name="sun.desktop" value="windows"/>
    <property name="sun.cpu.isalist" value="amd64"/>
  </properties>
  <testcase classname="com.functions.AnalysisPictureTest" name="testAnalysisFace" time="2.507">
    <error message="Cannot run program &quot;python&quot;: CreateProcess error=2, 系统找不到指定的文件。" type="java.io.IOException">java.io.IOException: Cannot run program &quot;python&quot;: CreateProcess error=2, 系统找不到指定的文件。
	at java.lang.ProcessBuilder.start(ProcessBuilder.java:1048)
	at java.lang.Runtime.exec(Runtime.java:620)
	at java.lang.Runtime.exec(Runtime.java:485)
	at com.functions.AnalysisPictureTest.testAnalysisFace(AnalysisPictureTest.java:96)
	at sun.reflect.NativeMethodAccessorImpl.invoke0(Native Method)
	at sun.reflect.NativeMethodAccessorImpl.invoke(NativeMethodAccessorImpl.java:62)
	at sun.reflect.DelegatingMethodAccessorImpl.invoke(DelegatingMethodAccessorImpl.java:43)
	at java.lang.reflect.Method.invoke(Method.java:498)
	at junit.framework.TestCase.runTest(TestCase.java:176)
	at junit.framework.TestCase.runBare(TestCase.java:141)
	at junit.framework.TestResult$1.protect(TestResult.java:122)
	at junit.framework.TestResult.runProtected(TestResult.java:142)
	at junit.framework.TestResult.run(TestResult.java:125)
	at junit.framework.TestCase.run(TestCase.java:129)
	at junit.framework.TestSuite.runTest(TestSuite.java:252)
	at junit.framework.TestSuite.run(TestSuite.java:247)
	at org.junit.internal.runners.JUnit38ClassRunner.run(JUnit38ClassRunner.java:86)
	at org.apache.maven.surefire.junit4.JUnit4Provider.execute(JUnit4Provider.java:252)
	at org.apache.maven.surefire.junit4.JUnit4Provider.executeTestSet(JUnit4Provider.java:141)
	at org.apache.maven.surefire.junit4.JUnit4Provider.invoke(JUnit4Provider.java:112)
	at sun.reflect.NativeMethodAccessorImpl.invoke0(Native Method)
	at sun.reflect.NativeMethodAccessorImpl.invoke(NativeMethodAccessorImpl.java:62)
	at sun.reflect.DelegatingMethodAccessorImpl.invoke(DelegatingMethodAccessorImpl.java:43)
	at java.lang.reflect.Method.invoke(Method.java:498)
	at org.apache.maven.surefire.util.ReflectionUtils.invokeMethodWithArray(ReflectionUtils.java:189)
	at org.apache.maven.surefire.booter.ProviderFactory$ProviderProxy.invoke(ProviderFactory.java:165)
	at org.apache.maven.surefire.booter.ProviderFactory.invokeProvider(ProviderFactory.java:85)
	at org.apache.maven.surefire.booter.ForkedBooter.runSuitesInProcess(ForkedBooter.java:115)
	at org.apache.maven.surefire.booter.ForkedBooter.main(ForkedBooter.java:75)
Caused by: java.io.IOException: CreateProcess error=2, 系统找不到指定的文件。
	at java.lang.ProcessImpl.create(Native Method)
	at java.lang.ProcessImpl.&lt;init&gt;(ProcessImpl.java:386)
	at java.lang.ProcessImpl.start(ProcessImpl.java:137)
	at java.lang.ProcessBuilder.start(ProcessBuilder.java:1029)
	... 28 more
</error>
    <system-out>{&quot;image_id&quot;: &quot;8g2nrvINBnpyFseprStfyA==&quot;, &quot;request_id&quot;: &quot;1530865365,ecb9c485-8da9-431e-bf24-f6a559c10b7a&quot;, &quot;time_used&quot;: 343, &quot;faces&quot;: [{&quot;attributes&quot;: {&quot;emotion&quot;: {&quot;sadness&quot;: 0.0, &quot;neutral&quot;: 0.0, &quot;disgust&quot;: 0.005, &quot;anger&quot;: 0.0, &quot;surprise&quot;: 0.007, &quot;fear&quot;: 0.007, &quot;happiness&quot;: 99.979}}, &quot;face_rectangle&quot;: {&quot;width&quot;: 81, &quot;top&quot;: 115, &quot;left&quot;: 247, &quot;height&quot;: 81}, &quot;face_token&quot;: &quot;42c81561caa50e5732b254bd8f1f1e18&quot;}, {&quot;attributes&quot;: {&quot;emotion&quot;: {&quot;sadness&quot;: 0.161, &quot;neutral&quot;: 0.0, &quot;disgust&quot;: 0.0, &quot;anger&quot;: 0.0, &quot;surprise&quot;: 0.0, &quot;fear&quot;: 0.0, &quot;happiness&quot;: 99.837}}, &quot;face_rectangle&quot;: {&quot;width&quot;: 76, &quot;top&quot;: 134, &quot;left&quot;: 44, &quot;height&quot;: 76}, &quot;face_token&quot;: &quot;6e71296756199a4fd4a6c357c3cc88ae&quot;}, {&quot;attributes&quot;: {&quot;emotion&quot;: {&quot;sadness&quot;: 0.0, &quot;neutral&quot;: 0.0, &quot;disgust&quot;: 0.0, &quot;anger&quot;: 0.0, &quot;surprise&quot;: 0.001, &quot;fear&quot;: 0.0, &quot;happiness&quot;: 99.999}}, &quot;face_rectangle&quot;: {&quot;width&quot;: 69, &quot;top&quot;: 180, &quot;left&quot;: 132, &quot;height&quot;: 69}, &quot;face_token&quot;: &quot;dd7b5da2cfd6608f4816d1bbb5dd2506&quot;}]}
42c81561caa50e5732b254bd8f1f1e18
6e71296756199a4fd4a6c357c3cc88ae
dd7b5da2cfd6608f4816d1bbb5dd2506
42c81561caa50e5732b254bd8f1f1e18,6e71296756199a4fd4a6c357c3cc88ae,dd7b5da2cfd6608f4816d1bbb5dd2506
{&quot;time_used&quot;: 457, &quot;request_id&quot;: &quot;1530865365,14c6bf4b-26bf-4ba0-a7b2-bcf1a4f0b57f&quot;, &quot;faces&quot;: [{&quot;attributes&quot;: {&quot;emotion&quot;: {&quot;sadness&quot;: 0.0, &quot;neutral&quot;: 0.0, &quot;disgust&quot;: 0.009, &quot;anger&quot;: 0.0, &quot;surprise&quot;: 0.002, &quot;fear&quot;: 0.0, &quot;happiness&quot;: 99.989}}, &quot;face_rectangle&quot;: {&quot;width&quot;: 81, &quot;top&quot;: 115, &quot;left&quot;: 247, &quot;height&quot;: 81}, &quot;face_token&quot;: &quot;42c81561caa50e5732b254bd8f1f1e18&quot;}, {&quot;attributes&quot;: {&quot;emotion&quot;: {&quot;sadness&quot;: 0.045, &quot;neutral&quot;: 0.0, &quot;disgust&quot;: 0.0, &quot;anger&quot;: 0.0, &quot;surprise&quot;: 0.0, &quot;fear&quot;: 0.0, &quot;happiness&quot;: 99.954}}, &quot;face_rectangle&quot;: {&quot;width&quot;: 76, &quot;top&quot;: 134, &quot;left&quot;: 44, &quot;height&quot;: 76}, &quot;face_token&quot;: &quot;6e71296756199a4fd4a6c357c3cc88ae&quot;}, {&quot;attributes&quot;: {&quot;emotion&quot;: {&quot;sadness&quot;: 0.0, &quot;neutral&quot;: 0.0, &quot;disgust&quot;: 0.004, &quot;anger&quot;: 0.0, &quot;surprise&quot;: 0.018, &quot;fear&quot;: 0.0, &quot;happiness&quot;: 99.977}}, &quot;face_rectangle&quot;: {&quot;width&quot;: 69, &quot;top&quot;: 180, &quot;left&quot;: 132, &quot;height&quot;: 69}, &quot;face_token&quot;: &quot;dd7b5da2cfd6608f4816d1bbb5dd2506&quot;}]}
{&quot;width&quot;:81,&quot;top&quot;:115,&quot;left&quot;:247,&quot;height&quot;:81}
left: 247, top:115, width: 81, height: 81
{&quot;width&quot;:76,&quot;top&quot;:134,&quot;left&quot;:44,&quot;height&quot;:76}
left: 44, top:134, width: 76, height: 76
{&quot;width&quot;:69,&quot;top&quot;:180,&quot;left&quot;:132,&quot;height&quot;:69}
left: 132, top:180, width: 69, height: 69
</system-out>
  </testcase>
</testsuite>